{"/Users/Pam/Documents/dev/absences-app/src/App.css": {"path":"/Users/Pam/Documents/dev/absences-app/src/App.css","statementMap":{},"fnMap":{},"branchMap":{},"s":{},"f":{},"b":{},"meta":{"lastBranch":0,"lastFunction":0,"lastStatement":0,"seen":{}}}
,"/Users/Pam/Documents/dev/absences-app/src/App.tsx": {"path":"/Users/Pam/Documents/dev/absences-app/src/App.tsx","statementMap":{"0":{"start":{"line":11,"column":39},"end":{"line":11,"column":null}},"1":{"start":{"line":12,"column":39},"end":{"line":12,"column":null}},"2":{"start":{"line":14,"column":2},"end":{"line":17,"column":null}},"3":{"start":{"line":15,"column":4},"end":{"line":15,"column":null}},"4":{"start":{"line":16,"column":4},"end":{"line":16,"column":null}},"5":{"start":{"line":19,"column":2},"end":{"line":19,"column":null}},"6":{"start":{"line":20,"column":2},"end":{"line":20,"column":null}},"7":{"start":{"line":22,"column":2},"end":{"line":34,"column":null}}},"fnMap":{"0":{"name":"App","decl":{"start":{"line":10,"column":9},"end":{"line":10,"column":15}},"loc":{"start":{"line":10,"column":15},"end":{"line":36,"column":null}},"line":10},"1":{"name":"(anonymous_1)","decl":{"start":{"line":14,"column":12},"end":{"line":14,"column":18}},"loc":{"start":{"line":14,"column":18},"end":{"line":17,"column":5}},"line":14}},"branchMap":{},"s":{"0":2,"1":2,"2":2,"3":1,"4":1,"5":2,"6":2,"7":2},"f":{"0":2,"1":1},"b":{},"meta":{"lastBranch":0,"lastFunction":2,"lastStatement":8,"seen":{"f:10:9:10:15":0,"s:11:39:11:Infinity":0,"s:12:39:12:Infinity":1,"s:14:2:17:Infinity":2,"f:14:12:14:18":1,"s:15:4:15:Infinity":3,"s:16:4:16:Infinity":4,"s:19:2:19:Infinity":5,"s:20:2:20:Infinity":6,"s:22:2:34:Infinity":7}}}
,"/Users/Pam/Documents/dev/absences-app/src/assets/react.svg": {"path":"/Users/Pam/Documents/dev/absences-app/src/assets/react.svg","statementMap":{},"fnMap":{},"branchMap":{},"s":{},"f":{},"b":{},"meta":{"lastBranch":0,"lastFunction":0,"lastStatement":0,"seen":{}}}
,"/Users/Pam/Documents/dev/absences-app/src/hooks/useAbsences.ts": {"path":"/Users/Pam/Documents/dev/absences-app/src/hooks/useAbsences.ts","statementMap":{"0":{"start":{"line":4,"column":16},"end":{"line":4,"column":null}},"1":{"start":{"line":7,"column":22},"end":{"line":7,"column":null}},"2":{"start":{"line":8,"column":28},"end":{"line":8,"column":null}},"3":{"start":{"line":9,"column":24},"end":{"line":9,"column":null}},"4":{"start":{"line":11,"column":24},"end":{"line":24,"column":null}},"5":{"start":{"line":12,"column":4},"end":{"line":12,"column":null}},"6":{"start":{"line":13,"column":4},"end":{"line":23,"column":null}},"7":{"start":{"line":14,"column":18},"end":{"line":14,"column":null}},"8":{"start":{"line":15,"column":19},"end":{"line":15,"column":null}},"9":{"start":{"line":16,"column":6},"end":{"line":16,"column":null}},"10":{"start":{"line":17,"column":6},"end":{"line":17,"column":null}},"11":{"start":{"line":19,"column":6},"end":{"line":19,"column":null}},"12":{"start":{"line":20,"column":6},"end":{"line":20,"column":null}},"13":{"start":{"line":22,"column":6},"end":{"line":22,"column":null}},"14":{"start":{"line":26,"column":2},"end":{"line":26,"column":null}}},"fnMap":{"0":{"name":"useAbsences","decl":{"start":{"line":6,"column":16},"end":{"line":6,"column":30}},"loc":{"start":{"line":6,"column":30},"end":{"line":27,"column":null}},"line":6},"1":{"name":"(anonymous_1)","decl":{"start":{"line":11,"column":24},"end":{"line":11,"column":36}},"loc":{"start":{"line":11,"column":36},"end":{"line":24,"column":null}},"line":11}},"branchMap":{"0":{"loc":{"start":{"line":19,"column":15},"end":{"line":19,"column":67}},"type":"cond-expr","locations":[{"start":{"line":19,"column":38},"end":{"line":19,"column":52}},{"start":{"line":19,"column":52},"end":{"line":19,"column":67}}],"line":19}},"s":{"0":2,"1":10,"2":10,"3":10,"4":10,"5":4,"6":4,"7":4,"8":2,"9":2,"10":2,"11":1,"12":1,"13":3,"14":10},"f":{"0":10,"1":4},"b":{"0":[1,0]},"meta":{"lastBranch":1,"lastFunction":2,"lastStatement":15,"seen":{"s:4:16:4:Infinity":0,"f:6:16:6:30":0,"s:7:22:7:Infinity":1,"s:8:28:8:Infinity":2,"s:9:24:9:Infinity":3,"s:11:24:24:Infinity":4,"f:11:24:11:36":1,"s:12:4:12:Infinity":5,"s:13:4:23:Infinity":6,"s:14:18:14:Infinity":7,"s:15:19:15:Infinity":8,"s:16:6:16:Infinity":9,"s:17:6:17:Infinity":10,"s:19:6:19:Infinity":11,"b:19:38:19:52:19:52:19:67":0,"s:20:6:20:Infinity":12,"s:22:6:22:Infinity":13,"s:26:2:26:Infinity":14}}}
,"/Users/Pam/Documents/dev/absences-app/src/hooks/useConflict.ts": {"path":"/Users/Pam/Documents/dev/absences-app/src/hooks/useConflict.ts","statementMap":{"0":{"start":{"line":4,"column":16},"end":{"line":4,"column":null}},"1":{"start":{"line":7,"column":22},"end":{"line":7,"column":null}},"2":{"start":{"line":8,"column":28},"end":{"line":8,"column":null}},"3":{"start":{"line":9,"column":24},"end":{"line":9,"column":null}},"4":{"start":{"line":11,"column":25},"end":{"line":24,"column":null}},"5":{"start":{"line":12,"column":4},"end":{"line":12,"column":null}},"6":{"start":{"line":13,"column":4},"end":{"line":23,"column":null}},"7":{"start":{"line":14,"column":18},"end":{"line":14,"column":null}},"8":{"start":{"line":15,"column":19},"end":{"line":15,"column":null}},"9":{"start":{"line":16,"column":6},"end":{"line":16,"column":null}},"10":{"start":{"line":17,"column":6},"end":{"line":17,"column":null}},"11":{"start":{"line":19,"column":6},"end":{"line":19,"column":null}},"12":{"start":{"line":20,"column":6},"end":{"line":20,"column":null}},"13":{"start":{"line":22,"column":6},"end":{"line":22,"column":null}},"14":{"start":{"line":26,"column":2},"end":{"line":26,"column":null}}},"fnMap":{"0":{"name":"useConflict","decl":{"start":{"line":6,"column":16},"end":{"line":6,"column":30}},"loc":{"start":{"line":6,"column":30},"end":{"line":27,"column":null}},"line":6},"1":{"name":"(anonymous_1)","decl":{"start":{"line":11,"column":25},"end":{"line":11,"column":32}},"loc":{"start":{"line":11,"column":46},"end":{"line":24,"column":null}},"line":11}},"branchMap":{"0":{"loc":{"start":{"line":19,"column":15},"end":{"line":19,"column":67}},"type":"cond-expr","locations":[{"start":{"line":19,"column":38},"end":{"line":19,"column":52}},{"start":{"line":19,"column":52},"end":{"line":19,"column":67}}],"line":19}},"s":{"0":2,"1":12,"2":12,"3":12,"4":12,"5":5,"6":5,"7":5,"8":3,"9":3,"10":3,"11":1,"12":1,"13":4,"14":12},"f":{"0":12,"1":5},"b":{"0":[1,0]},"meta":{"lastBranch":1,"lastFunction":2,"lastStatement":15,"seen":{"s:4:16:4:Infinity":0,"f:6:16:6:30":0,"s:7:22:7:Infinity":1,"s:8:28:8:Infinity":2,"s:9:24:9:Infinity":3,"s:11:25:24:Infinity":4,"f:11:25:11:32":1,"s:12:4:12:Infinity":5,"s:13:4:23:Infinity":6,"s:14:18:14:Infinity":7,"s:15:19:15:Infinity":8,"s:16:6:16:Infinity":9,"s:17:6:17:Infinity":10,"s:19:6:19:Infinity":11,"b:19:38:19:52:19:52:19:67":0,"s:20:6:20:Infinity":12,"s:22:6:22:Infinity":13,"s:26:2:26:Infinity":14}}}
}
